Release 14.7 Map P.20131013 (nt64)
Xilinx Mapping Report File for Design 'Top'

Design Information
------------------
Command Line   : map -filter
C:/Users/asilva3/Desktop/Lab5/lab54/lab5/iseconfig/filter.filter -intstyle ise
-p xc3s100e-cp132-5 -cm area -ir off -pr off -c 100 -o Top_map.ncd Top.ngd
Top.pcf 
Target Device  : xc3s100e
Target Package : cp132
Target Speed   : -5
Mapper Version : spartan3e -- $Revision: 1.55 $
Mapped Date    : Thu Feb 11 11:07:45 2016

Design Summary
--------------
Number of errors:      0
Number of warnings:    1
Logic Utilization:
  Number of Slice Flip Flops:            49 out of   1,920    2%
  Number of 4 input LUTs:               182 out of   1,920    9%
Logic Distribution:
  Number of occupied Slices:            128 out of     960   13%
    Number of Slices containing only related logic:     128 out of     128 100%
    Number of Slices containing unrelated logic:          0 out of     128   0%
      *See NOTES below for an explanation of the effects of unrelated logic.
  Total Number of 4 input LUTs:         206 out of   1,920   10%
    Number used as logic:               182
    Number used as a route-thru:         24

  The Slice Logic Distribution report is not meaningful if the design is
  over-mapped for a non-slice resource or if Placement fails.

  Number of bonded IOBs:                 31 out of      83   37%
  Number of BUFGMUXs:                     4 out of      24   16%
  Number of DCMs:                         1 out of       2   50%
  Number of STARTUPs:                     1 out of       1  100%
  Number of STARTUP_SPARTAN3Es:           1 out of       1  100%

  Number of RPM macros:           12
Average Fanout of Non-Clock Nets:                3.28

Peak Memory Usage:  269 MB
Total REAL time to MAP completion:  2 secs 
Total CPU time to MAP completion:   1 secs 

NOTES:

   Related logic is defined as being logic that shares connectivity - e.g. two
   LUTs are "related" if they share common inputs.  When assembling slices,
   Map gives priority to combine logic that is related.  Doing so results in
   the best timing performance.

   Unrelated logic shares no connectivity.  Map will only begin packing
   unrelated logic into a slice once 99% of the slices are occupied through
   related logic packing.

   Note that once logic distribution reaches the 99% level through related
   logic packing, this does not mean the device is completely utilized.
   Unrelated logic packing will then begin, continuing until all usable LUTs
   and FFs are occupied.  Depending on your timing budget, increased levels of
   unrelated logic packing may adversely affect the overall timing performance
   of your design.

Table of Contents
-----------------
Section 1 - Errors
Section 2 - Warnings
Section 3 - Informational
Section 4 - Removed Logic Summary
Section 5 - Removed Logic
Section 6 - IOB Properties
Section 7 - RPMs
Section 8 - Guide Report
Section 9 - Area Group and Partition Summary
Section 10 - Timing Report
Section 11 - Configuration String Information
Section 12 - Control Set Information
Section 13 - Utilization by Hierarchy

Section 1 - Errors
------------------

Section 2 - Warnings
--------------------
WARNING:MapLib:701 - Signal BTN1 connected to top level port BTN1 has been
   removed.

Section 3 - Informational
-------------------------
INFO:LIT:243 - Logical network XLXI_65/GSR_INT has no load.
INFO:LIT:395 - The above info message is repeated 4 more times for the following
   (max. 5 shown):
   XLXI_65/GTS_INT,
   XLXI_54/CEO,
   XLXI_101/CEO,
   XLXI_102/CEO
   To see the details of these info messages, please use the -detail switch.
INFO:MapLib:562 - No environment variables are currently set.
INFO:LIT:244 - All of the single ended outputs in this design are using slew
   rate limited output drivers. The delay on speed critical single ended outputs
   can be dramatically reduced by designating them as fast outputs.

Section 4 - Removed Logic Summary
---------------------------------
   9 block(s) removed
 147 block(s) optimized away
   7 signal(s) removed

Section 5 - Removed Logic
-------------------------

The trimmed logic report below shows the logic removed from your design due to
sourceless or loadless signals, and VCC or ground connections.  If the removal
of a signal or symbol results in the subsequent removal of an additional signal
or symbol, the message explaining that second removal will be indented.  This
indentation will be repeated as a chain of related logic is removed.

To quickly locate the original cause for the removal of a chain of logic, look
above the place where that logic is listed in the trimming report, then locate
the lines that are least indented (begin at the leftmost edge).

Loadless block "XLXI_106" (BUF) removed.
 The signal "BTN1" is loadless and has been removed.
  Loadless block "BTN1" (PAD) removed.
Loadless block "XLXI_62/XLXI_39/I_36_67" (AND) removed.
 The signal "XLXI_62/XLXI_39/TC_DUMMY" is loadless and has been removed.
  Loadless block "XLXI_62/XLXI_39/I_36_31" (AND) removed.
The signal "XLXI_54/CEO" is sourceless and has been removed.
The signal "XLXI_101/CEO" is sourceless and has been removed.
The signal "XLXI_101/TC" is sourceless and has been removed.
 Sourceless block "XLXI_101/I_36_69" (AND) removed.
The signal "XLXI_102/CEO" is sourceless and has been removed.
The signal "XLXI_102/TC" is sourceless and has been removed.
 Sourceless block "XLXI_102/I_36_69" (AND) removed.
Unused block "XLXI_101/I_36_31" (AND) removed.
Unused block "XLXI_102/I_36_31" (AND) removed.
Unused block "XLXI_54/I_36_69" (AND) removed.

Optimized Block(s):
TYPE 		BLOCK
VCC 		XLXI_101/I_36_58
GND 		XLXI_101/I_36_64
VCC 		XLXI_102/I_36_58
GND 		XLXI_102/I_36_64
GND 		XLXI_352
AND3 		XLXI_52/XLXI_3/XLXI_1/XLXI_1/I_M01/I_36_30
AND3B1 		XLXI_52/XLXI_3/XLXI_1/XLXI_1/I_M01/I_36_31
OR2 		XLXI_52/XLXI_3/XLXI_1/XLXI_1/I_M01/I_36_38
AND3 		XLXI_52/XLXI_3/XLXI_1/XLXI_1/I_M23/I_36_30
AND3B1 		XLXI_52/XLXI_3/XLXI_1/XLXI_1/I_M23/I_36_31
OR2 		XLXI_52/XLXI_3/XLXI_1/XLXI_1/I_M23/I_36_38
AND3 		XLXI_52/XLXI_3/XLXI_1/XLXI_1/I_M45/I_36_30
AND3B1 		XLXI_52/XLXI_3/XLXI_1/XLXI_1/I_M45/I_36_31
OR2 		XLXI_52/XLXI_3/XLXI_1/XLXI_1/I_M45/I_36_38
AND3 		XLXI_52/XLXI_3/XLXI_1/XLXI_1/I_M67/I_36_30
AND3B1 		XLXI_52/XLXI_3/XLXI_1/XLXI_1/I_M67/I_36_31
OR2 		XLXI_52/XLXI_3/XLXI_1/XLXI_1/I_M67/I_36_38
AND3 		XLXI_52/XLXI_3/XLXI_1/XLXI_2/I_M01/I_36_30
AND3B1 		XLXI_52/XLXI_3/XLXI_1/XLXI_2/I_M01/I_36_31
OR2 		XLXI_52/XLXI_3/XLXI_1/XLXI_2/I_M01/I_36_38
AND3 		XLXI_52/XLXI_3/XLXI_1/XLXI_2/I_M23/I_36_30
AND3B1 		XLXI_52/XLXI_3/XLXI_1/XLXI_2/I_M23/I_36_31
OR2 		XLXI_52/XLXI_3/XLXI_1/XLXI_2/I_M23/I_36_38
AND3 		XLXI_52/XLXI_3/XLXI_1/XLXI_2/I_M45/I_36_30
AND3B1 		XLXI_52/XLXI_3/XLXI_1/XLXI_2/I_M45/I_36_31
OR2 		XLXI_52/XLXI_3/XLXI_1/XLXI_2/I_M45/I_36_38
AND3 		XLXI_52/XLXI_3/XLXI_1/XLXI_2/I_M67/I_36_30
AND3B1 		XLXI_52/XLXI_3/XLXI_1/XLXI_2/I_M67/I_36_31
OR2 		XLXI_52/XLXI_3/XLXI_1/XLXI_2/I_M67/I_36_38
INV 		XLXI_52/XLXI_3/XLXI_1/XLXI_3
AND3 		XLXI_52/XLXI_3/XLXI_2/XLXI_1/I_M01/I_36_30
AND3 		XLXI_52/XLXI_3/XLXI_2/XLXI_1/I_M23/I_36_30
AND3 		XLXI_52/XLXI_3/XLXI_2/XLXI_1/I_M45/I_36_30
AND3 		XLXI_52/XLXI_3/XLXI_2/XLXI_1/I_M67/I_36_30
AND3 		XLXI_52/XLXI_3/XLXI_2/XLXI_2/I_M01/I_36_30
AND3B1 		XLXI_52/XLXI_3/XLXI_2/XLXI_2/I_M01/I_36_31
OR2 		XLXI_52/XLXI_3/XLXI_2/XLXI_2/I_M01/I_36_38
AND3 		XLXI_52/XLXI_3/XLXI_2/XLXI_2/I_M23/I_36_30
AND3B1 		XLXI_52/XLXI_3/XLXI_2/XLXI_2/I_M23/I_36_31
OR2 		XLXI_52/XLXI_3/XLXI_2/XLXI_2/I_M23/I_36_38
AND3 		XLXI_52/XLXI_3/XLXI_2/XLXI_2/I_M45/I_36_30
AND3B1 		XLXI_52/XLXI_3/XLXI_2/XLXI_2/I_M45/I_36_31
OR2 		XLXI_52/XLXI_3/XLXI_2/XLXI_2/I_M45/I_36_38
AND3 		XLXI_52/XLXI_3/XLXI_2/XLXI_2/I_M67/I_36_30
AND3 		XLXI_52/XLXI_3/XLXI_3/XLXI_1/I_M01/I_36_30
AND3 		XLXI_52/XLXI_3/XLXI_3/XLXI_1/I_M23/I_36_30
AND3 		XLXI_52/XLXI_3/XLXI_3/XLXI_1/I_M45/I_36_30
AND3 		XLXI_52/XLXI_3/XLXI_3/XLXI_1/I_M67/I_36_30
AND3 		XLXI_52/XLXI_3/XLXI_3/XLXI_2/I_M01/I_36_30
AND3B1 		XLXI_52/XLXI_3/XLXI_3/XLXI_2/I_M01/I_36_31
OR2 		XLXI_52/XLXI_3/XLXI_3/XLXI_2/I_M01/I_36_38
AND3 		XLXI_52/XLXI_3/XLXI_3/XLXI_2/I_M23/I_36_30
AND3B1 		XLXI_52/XLXI_3/XLXI_3/XLXI_2/I_M23/I_36_31
OR2 		XLXI_52/XLXI_3/XLXI_3/XLXI_2/I_M23/I_36_38
AND3 		XLXI_52/XLXI_3/XLXI_3/XLXI_2/I_M45/I_36_30
AND3B1 		XLXI_52/XLXI_3/XLXI_3/XLXI_2/I_M45/I_36_31
OR2 		XLXI_52/XLXI_3/XLXI_3/XLXI_2/I_M45/I_36_38
AND3 		XLXI_52/XLXI_3/XLXI_3/XLXI_2/I_M67/I_36_30
AND3 		XLXI_52/XLXI_3/XLXI_4/XLXI_1/I_M01/I_36_30
AND3 		XLXI_52/XLXI_3/XLXI_4/XLXI_1/I_M23/I_36_30
AND3 		XLXI_52/XLXI_3/XLXI_4/XLXI_1/I_M45/I_36_30
AND3 		XLXI_52/XLXI_3/XLXI_4/XLXI_1/I_M67/I_36_30
AND3 		XLXI_52/XLXI_3/XLXI_4/XLXI_2/I_M01/I_36_30
AND3B1 		XLXI_52/XLXI_3/XLXI_4/XLXI_2/I_M01/I_36_31
OR2 		XLXI_52/XLXI_3/XLXI_4/XLXI_2/I_M01/I_36_38
AND3 		XLXI_52/XLXI_3/XLXI_4/XLXI_2/I_M23/I_36_30
AND3B1 		XLXI_52/XLXI_3/XLXI_4/XLXI_2/I_M23/I_36_31
OR2 		XLXI_52/XLXI_3/XLXI_4/XLXI_2/I_M23/I_36_38
AND3 		XLXI_52/XLXI_3/XLXI_4/XLXI_2/I_M45/I_36_30
AND3B1 		XLXI_52/XLXI_3/XLXI_4/XLXI_2/I_M45/I_36_31
OR2 		XLXI_52/XLXI_3/XLXI_4/XLXI_2/I_M45/I_36_38
AND3 		XLXI_52/XLXI_3/XLXI_4/XLXI_2/I_M67/I_36_30
AND3B1 		XLXI_52/XLXI_4/XLXI_1/XLXI_1/I_M01/I_36_31
AND3B1 		XLXI_52/XLXI_4/XLXI_1/XLXI_1/I_M23/I_36_31
AND3B1 		XLXI_52/XLXI_4/XLXI_1/XLXI_1/I_M45/I_36_31
AND3 		XLXI_52/XLXI_4/XLXI_1/XLXI_1/I_M67/I_36_30
AND3 		XLXI_52/XLXI_4/XLXI_1/XLXI_2/I_M01/I_36_30
AND3B1 		XLXI_52/XLXI_4/XLXI_1/XLXI_2/I_M01/I_36_31
OR2 		XLXI_52/XLXI_4/XLXI_1/XLXI_2/I_M01/I_36_38
AND3 		XLXI_52/XLXI_4/XLXI_1/XLXI_2/I_M23/I_36_30
AND3B1 		XLXI_52/XLXI_4/XLXI_1/XLXI_2/I_M23/I_36_31
OR2 		XLXI_52/XLXI_4/XLXI_1/XLXI_2/I_M23/I_36_38
AND3 		XLXI_52/XLXI_4/XLXI_1/XLXI_2/I_M45/I_36_30
AND3B1 		XLXI_52/XLXI_4/XLXI_1/XLXI_2/I_M45/I_36_31
OR2 		XLXI_52/XLXI_4/XLXI_1/XLXI_2/I_M45/I_36_38
AND3B1 		XLXI_52/XLXI_4/XLXI_1/XLXI_2/I_M67/I_36_31
INV 		XLXI_52/XLXI_4/XLXI_1/XLXI_3
AND3B1 		XLXI_52/XLXI_4/XLXI_2/XLXI_2/I_M01/I_36_31
AND3B1 		XLXI_52/XLXI_4/XLXI_2/XLXI_2/I_M23/I_36_31
AND3B1 		XLXI_52/XLXI_4/XLXI_2/XLXI_2/I_M45/I_36_31
AND3B1 		XLXI_52/XLXI_4/XLXI_3/XLXI_2/I_M01/I_36_31
AND3B1 		XLXI_52/XLXI_4/XLXI_3/XLXI_2/I_M23/I_36_31
AND3B1 		XLXI_52/XLXI_4/XLXI_3/XLXI_2/I_M45/I_36_31
AND3B1 		XLXI_52/XLXI_4/XLXI_4/XLXI_2/I_M01/I_36_31
AND3B1 		XLXI_52/XLXI_4/XLXI_4/XLXI_2/I_M23/I_36_31
AND3B1 		XLXI_52/XLXI_4/XLXI_4/XLXI_2/I_M45/I_36_31
AND3B1 		XLXI_52/XLXI_5/XLXI_1/XLXI_1/I_M01/I_36_31
AND3B1 		XLXI_52/XLXI_5/XLXI_1/XLXI_1/I_M23/I_36_31
AND3B1 		XLXI_52/XLXI_5/XLXI_1/XLXI_1/I_M45/I_36_31
AND3 		XLXI_52/XLXI_5/XLXI_1/XLXI_1/I_M67/I_36_30
AND3 		XLXI_52/XLXI_5/XLXI_1/XLXI_2/I_M01/I_36_30
AND3B1 		XLXI_52/XLXI_5/XLXI_1/XLXI_2/I_M01/I_36_31
OR2 		XLXI_52/XLXI_5/XLXI_1/XLXI_2/I_M01/I_36_38
AND3 		XLXI_52/XLXI_5/XLXI_1/XLXI_2/I_M23/I_36_30
AND3B1 		XLXI_52/XLXI_5/XLXI_1/XLXI_2/I_M23/I_36_31
OR2 		XLXI_52/XLXI_5/XLXI_1/XLXI_2/I_M23/I_36_38
AND3 		XLXI_52/XLXI_5/XLXI_1/XLXI_2/I_M45/I_36_30
AND3B1 		XLXI_52/XLXI_5/XLXI_1/XLXI_2/I_M45/I_36_31
OR2 		XLXI_52/XLXI_5/XLXI_1/XLXI_2/I_M45/I_36_38
AND3B1 		XLXI_52/XLXI_5/XLXI_1/XLXI_2/I_M67/I_36_31
INV 		XLXI_52/XLXI_5/XLXI_1/XLXI_3
AND3B1 		XLXI_52/XLXI_5/XLXI_2/XLXI_2/I_M01/I_36_31
AND3B1 		XLXI_52/XLXI_5/XLXI_2/XLXI_2/I_M23/I_36_31
AND3B1 		XLXI_52/XLXI_5/XLXI_2/XLXI_2/I_M45/I_36_31
AND3B1 		XLXI_52/XLXI_5/XLXI_3/XLXI_2/I_M01/I_36_31
AND3B1 		XLXI_52/XLXI_5/XLXI_3/XLXI_2/I_M23/I_36_31
AND3B1 		XLXI_52/XLXI_5/XLXI_3/XLXI_2/I_M45/I_36_31
AND3B1 		XLXI_52/XLXI_5/XLXI_4/XLXI_2/I_M01/I_36_31
AND3B1 		XLXI_52/XLXI_5/XLXI_4/XLXI_2/I_M23/I_36_31
AND3B1 		XLXI_52/XLXI_5/XLXI_4/XLXI_2/I_M45/I_36_31
AND3B1 		XLXI_52/XLXI_6/XLXI_1/XLXI_1/I_M01/I_36_31
AND3B1 		XLXI_52/XLXI_6/XLXI_1/XLXI_1/I_M23/I_36_31
AND3B1 		XLXI_52/XLXI_6/XLXI_1/XLXI_1/I_M45/I_36_31
AND3 		XLXI_52/XLXI_6/XLXI_1/XLXI_1/I_M67/I_36_30
AND3 		XLXI_52/XLXI_6/XLXI_1/XLXI_2/I_M01/I_36_30
AND3B1 		XLXI_52/XLXI_6/XLXI_1/XLXI_2/I_M01/I_36_31
OR2 		XLXI_52/XLXI_6/XLXI_1/XLXI_2/I_M01/I_36_38
AND3 		XLXI_52/XLXI_6/XLXI_1/XLXI_2/I_M23/I_36_30
AND3B1 		XLXI_52/XLXI_6/XLXI_1/XLXI_2/I_M23/I_36_31
OR2 		XLXI_52/XLXI_6/XLXI_1/XLXI_2/I_M23/I_36_38
AND3 		XLXI_52/XLXI_6/XLXI_1/XLXI_2/I_M45/I_36_30
AND3B1 		XLXI_52/XLXI_6/XLXI_1/XLXI_2/I_M45/I_36_31
OR2 		XLXI_52/XLXI_6/XLXI_1/XLXI_2/I_M45/I_36_38
AND3B1 		XLXI_52/XLXI_6/XLXI_1/XLXI_2/I_M67/I_36_31
INV 		XLXI_52/XLXI_6/XLXI_1/XLXI_3
AND3B1 		XLXI_52/XLXI_6/XLXI_2/XLXI_2/I_M01/I_36_31
AND3B1 		XLXI_52/XLXI_6/XLXI_2/XLXI_2/I_M23/I_36_31
AND3B1 		XLXI_52/XLXI_6/XLXI_2/XLXI_2/I_M45/I_36_31
AND3B1 		XLXI_52/XLXI_6/XLXI_3/XLXI_2/I_M01/I_36_31
AND3B1 		XLXI_52/XLXI_6/XLXI_3/XLXI_2/I_M23/I_36_31
AND3B1 		XLXI_52/XLXI_6/XLXI_3/XLXI_2/I_M45/I_36_31
AND3B1 		XLXI_52/XLXI_6/XLXI_4/XLXI_2/I_M01/I_36_31
AND3B1 		XLXI_52/XLXI_6/XLXI_4/XLXI_2/I_M23/I_36_31
AND3B1 		XLXI_52/XLXI_6/XLXI_4/XLXI_2/I_M45/I_36_31
VCC 		XLXI_54/I_36_58
GND 		XLXI_54/I_36_64
VCC 		XLXI_55

To enable printing of redundant blocks removed and signals merged, set the
detailed map report option and rerun map.

Section 6 - IOB Properties
--------------------------

+---------------------------------------------------------------------------------------------------------------------------------------------------------+
| IOB Name                           | Type             | Direction | IO Standard          | Diff  | Drive    | Slew | Reg (s)      | Resistor | IOB      |
|                                    |                  |           |                      | Term  | Strength | Rate |              |          | Delay    |
+---------------------------------------------------------------------------------------------------------------------------------------------------------+
| CA                                 | IOB              | OUTPUT    | LVCMOS25             |       | 12       | SLOW |              |          | 0 / 0    |
| CB                                 | IOB              | OUTPUT    | LVCMOS25             |       | 12       | SLOW |              |          | 0 / 0    |
| CC                                 | IOB              | OUTPUT    | LVCMOS25             |       | 12       | SLOW |              |          | 0 / 0    |
| CD                                 | IOB              | OUTPUT    | LVCMOS25             |       | 12       | SLOW |              |          | 0 / 0    |
| CE                                 | IOB              | OUTPUT    | LVCMOS25             |       | 12       | SLOW |              |          | 0 / 0    |
| CF                                 | IOB              | OUTPUT    | LVCMOS25             |       | 12       | SLOW |              |          | 0 / 0    |
| CG                                 | IOB              | OUTPUT    | LVCMOS25             |       | 12       | SLOW |              |          | 0 / 0    |
| LD0                                | IOB              | OUTPUT    | LVCMOS25             |       | 12       | SLOW |              |          | 0 / 0    |
| LD1                                | IOB              | OUTPUT    | LVCMOS25             |       | 12       | SLOW |              |          | 0 / 0    |
| LD2                                | IOB              | OUTPUT    | LVCMOS25             |       | 12       | SLOW |              |          | 0 / 0    |
| LD3                                | IOB              | OUTPUT    | LVCMOS25             |       | 12       | SLOW |              |          | 0 / 0    |
| LD4                                | IOB              | OUTPUT    | LVCMOS25             |       | 12       | SLOW |              |          | 0 / 0    |
| LD5                                | IOB              | OUTPUT    | LVCMOS25             |       | 12       | SLOW |              |          | 0 / 0    |
| LD6                                | IOB              | OUTPUT    | LVCMOS25             |       | 12       | SLOW |              |          | 0 / 0    |
| LD7                                | IOB              | OUTPUT    | LVCMOS25             |       | 12       | SLOW |              |          | 0 / 0    |
| PB0                                | IBUF             | INPUT     | LVCMOS25             |       |          |      |              |          | 0 / 0    |
| PB2                                | IBUF             | INPUT     | LVCMOS25             |       |          |      |              |          | 0 / 0    |
| ann0                               | IOB              | OUTPUT    | LVCMOS25             |       | 12       | SLOW |              |          | 0 / 0    |
| ann1                               | IOB              | OUTPUT    | LVCMOS25             |       | 12       | SLOW |              |          | 0 / 0    |
| ann2                               | IOB              | OUTPUT    | LVCMOS25             |       | 12       | SLOW |              |          | 0 / 0    |
| ann3                               | IOB              | OUTPUT    | LVCMOS25             |       | 12       | SLOW |              |          | 0 / 0    |
| eclk                               | IBUF             | INPUT     | LVCMOS25             |       |          |      |              |          | 0 / 0    |
| gsr                                | IBUF             | INPUT     | LVCMOS25             |       |          |      |              |          | 0 / 0    |
| sw0                                | IBUF             | INPUT     | LVCMOS25             |       |          |      |              |          | 0 / 0    |
| sw1                                | IBUF             | INPUT     | LVCMOS25             |       |          |      |              |          | 0 / 0    |
| sw2                                | IBUF             | INPUT     | LVCMOS25             |       |          |      |              |          | 0 / 0    |
| sw3                                | IBUF             | INPUT     | LVCMOS25             |       |          |      |              |          | 0 / 0    |
| sw4                                | IBUF             | INPUT     | LVCMOS25             |       |          |      |              |          | 0 / 0    |
| sw5                                | IBUF             | INPUT     | LVCMOS25             |       |          |      |              |          | 0 / 0    |
| sw6                                | IBUF             | INPUT     | LVCMOS25             |       |          |      |              |          | 0 / 0    |
| sw7                                | IBUF             | INPUT     | LVCMOS25             |       |          |      |              |          | 0 / 0    |
+---------------------------------------------------------------------------------------------------------------------------------------------------------+

Section 7 - RPMs
----------------
XLXI_101/XLXI_101_I_Q0_0                
XLXI_101/XLXI_101_I_Q1_1                
XLXI_101/XLXI_101_I_Q2_2                
XLXI_101/XLXI_101_I_Q3_3                
XLXI_102/XLXI_102_I_Q0_0                
XLXI_102/XLXI_102_I_Q1_1                
XLXI_102/XLXI_102_I_Q2_2                
XLXI_102/XLXI_102_I_Q3_3                
XLXI_54/XLXI_54_I_Q0_0                  
XLXI_54/XLXI_54_I_Q1_1                  
XLXI_54/XLXI_54_I_Q2_2                  
XLXI_54/XLXI_54_I_Q3_3                  

Section 8 - Guide Report
------------------------
Guide not run on this design.

Section 9 - Area Group and Partition Summary
--------------------------------------------

Partition Implementation Status
-------------------------------

  No Partitions were found in this design.

-------------------------------

Area Group Information
----------------------

  No area groups were found in this design.

----------------------

Section 10 - Timing Report
--------------------------
This design was not run using timing mode.

Section 11 - Configuration String Details
-----------------------------------------
Use the "-detail" map option to print out Configuration Strings

Section 12 - Control Set Information
------------------------------------
No control set information for this architecture.

Section 13 - Utilization by Hierarchy
-------------------------------------
Use the "-detail" map option to print out the Utilization by Hierarchy section.
