--------------------------------------------------------------------------------
Release 14.7 Trace  (nt64)
Copyright (c) 1995-2013 Xilinx, Inc.  All rights reserved.

C:\Xilinx\14.7\ISE_DS\ISE\bin\nt64\unwrapped\trce.exe -filter
C:/Users/asilva3/Desktop/hello/world/iseconfig/filter.filter -intstyle ise -v 3
-s 5 -n 3 -fastpaths -xml topworld.twx topworld.ncd -o topworld.twr
topworld.pcf

Design file:              topworld.ncd
Physical constraint file: topworld.pcf
Device,package,speed:     xc3s100e,cp132,-5 (PRODUCTION 1.27 2013-10-13)
Report level:             verbose report

Environment Variable      Effect 
--------------------      ------ 
NONE                      No environment variables were set
--------------------------------------------------------------------------------

INFO:Timing:2698 - No timing constraints found, doing default enumeration.
INFO:Timing:3412 - To improve timing, see the Timing Closure User Guide (UG612).
INFO:Timing:2752 - To get complete path coverage, use the unconstrained paths 
   option. All paths that are not constrained will be reported in the 
   unconstrained paths section(s) of the report.
INFO:Timing:3339 - The clock-to-out numbers in this timing report are based on 
   a 50 Ohm transmission line loading model.  For the details of this model, 
   and for more information on accounting for different loading conditions, 
   please see the device datasheet.
INFO:Timing:3390 - This architecture does not support a default System Jitter 
   value, please add SYSTEM_JITTER constraint to the UCF to modify the Clock 
   Uncertainty calculation.
INFO:Timing:3389 - This architecture does not support 'Discrete Jitter' and 
   'Phase Error' calculations, these terms will be zero in the Clock 
   Uncertainty calculation.  Please make appropriate modification to 
   SYSTEM_JITTER to account for the unsupported Discrete Jitter and Phase 
   Error.



Data Sheet report:
-----------------
All values displayed in nanoseconds (ns)

Pad to Pad
---------------+---------------+---------+
Source Pad     |Destination Pad|  Delay  |
---------------+---------------+---------+
Cin            |S3             |    9.795|
Cin            |s0             |    8.132|
Cin            |s1             |    8.581|
Cin            |s2             |   10.195|
a0             |S3             |    8.665|
a0             |s0             |    6.506|
a0             |s1             |    7.451|
a0             |s2             |    9.065|
a1             |S3             |    7.605|
a1             |s1             |    6.454|
a1             |s2             |    8.005|
a2             |S3             |    6.463|
a2             |s2             |    6.309|
b0             |S3             |    7.972|
b0             |s0             |    5.933|
b0             |s1             |    6.758|
b0             |s2             |    8.372|
b1             |S3             |    6.714|
b1             |s1             |    6.880|
b1             |s2             |    7.114|
b2             |S3             |    5.981|
b2             |s2             |    6.077|
---------------+---------------+---------+


Analysis completed Thu Jan 14 13:20:45 2016 
--------------------------------------------------------------------------------

Trace Settings:
-------------------------
Trace Settings 

Peak Memory Usage: 150 MB



