Release 14.7 - xst P.20131013 (nt64)
Copyright (c) 1995-2013 Xilinx, Inc.  All rights reserved.
--> Parameter TMPDIR set to xst/projnav.tmp


Total REAL time to Xst completion: 0.00 secs
Total CPU time to Xst completion: 0.09 secs
 
--> Parameter xsthdpdir set to xst


Total REAL time to Xst completion: 0.00 secs
Total CPU time to Xst completion: 0.09 secs
 
--> Reading design: topworld.prj

TABLE OF CONTENTS
  1) Synthesis Options Summary
  2) HDL Compilation
  3) Design Hierarchy Analysis
  4) HDL Analysis
  5) HDL Synthesis
     5.1) HDL Synthesis Report
  6) Advanced HDL Synthesis
     6.1) Advanced HDL Synthesis Report
  7) Low Level Synthesis
  8) Partition Report
  9) Final Report
	9.1) Device utilization summary
	9.2) Partition Resource Summary
	9.3) TIMING REPORT


=========================================================================
*                      Synthesis Options Summary                        *
=========================================================================
---- Source Parameters
Input File Name                    : "topworld.prj"
Input Format                       : mixed
Ignore Synthesis Constraint File   : NO

---- Target Parameters
Output File Name                   : "topworld"
Output Format                      : NGC
Target Device                      : xc3s100e-5-cp132

---- Source Options
Top Module Name                    : topworld
Automatic FSM Extraction           : YES
FSM Encoding Algorithm             : Auto
Safe Implementation                : No
FSM Style                          : LUT
RAM Extraction                     : Yes
RAM Style                          : Auto
ROM Extraction                     : Yes
Mux Style                          : Auto
Decoder Extraction                 : YES
Priority Encoder Extraction        : Yes
Shift Register Extraction          : YES
Logical Shifter Extraction         : YES
XOR Collapsing                     : YES
ROM Style                          : Auto
Mux Extraction                     : Yes
Resource Sharing                   : YES
Asynchronous To Synchronous        : NO
Multiplier Style                   : Auto
Automatic Register Balancing       : No

---- Target Options
Add IO Buffers                     : YES
Global Maximum Fanout              : 100000
Add Generic Clock Buffer(BUFG)     : 24
Register Duplication               : YES
Slice Packing                      : YES
Optimize Instantiated Primitives   : NO
Use Clock Enable                   : Yes
Use Synchronous Set                : Yes
Use Synchronous Reset              : Yes
Pack IO Registers into IOBs        : Auto
Equivalent register Removal        : YES

---- General Options
Optimization Goal                  : Speed
Optimization Effort                : 1
Keep Hierarchy                     : No
Netlist Hierarchy                  : As_Optimized
RTL Output                         : Yes
Global Optimization                : AllClockNets
Read Cores                         : YES
Write Timing Constraints           : NO
Cross Clock Analysis               : NO
Hierarchy Separator                : /
Bus Delimiter                      : <>
Case Specifier                     : Maintain
Slice Utilization Ratio            : 100
BRAM Utilization Ratio             : 100
Verilog 2001                       : YES
Auto BRAM Packing                  : NO
Slice Utilization Ratio Delta      : 5

=========================================================================


=========================================================================
*                          HDL Compilation                              *
=========================================================================
Compiling verilog file "mux.vf" in library work
Compiling verilog file "g.vf" in library work
Module <mux> compiled
Compiling verilog file "F.vf" in library work
Module <g> compiled
Compiling verilog file "E.vf" in library work
Module <F> compiled
Module <OR6_MXILINX_E> compiled
Compiling verilog file "D.vf" in library work
Module <E> compiled
Compiling verilog file "C.vf" in library work
Module <D> compiled
Compiling verilog file "B.vf" in library work
Module <C> compiled
Module <OR6_MXILINX_B> compiled
Compiling verilog file "A.vf" in library work
Module <B> compiled
Compiling verilog file "Segment.vf" in library work
Module <A> compiled
Module <g_MUSER_Segment> compiled
Module <F_MUSER_Segment> compiled
Module <OR6_MXILINX_Segment> compiled
Module <E_MUSER_Segment> compiled
Module <D_MUSER_Segment> compiled
Module <B_MUSER_Segment> compiled
Module <A_MUSER_Segment> compiled
Module <C_MUSER_Segment> compiled
Compiling verilog file "Add.vf" in library work
Module <Segment> compiled
Module <mux_MUSER_Add> compiled
Compiling verilog file "topworld.vf" in library work
Module <Add> compiled
Module <g_MUSER_topworld> compiled
Module <F_MUSER_topworld> compiled
Module <OR6_MXILINX_topworld> compiled
Module <E_MUSER_topworld> compiled
Module <D_MUSER_topworld> compiled
Module <B_MUSER_topworld> compiled
Module <A_MUSER_topworld> compiled
Module <C_MUSER_topworld> compiled
Module <Segment_MUSER_topworld> compiled
Module <mux_MUSER_topworld> compiled
Module <Add_MUSER_topworld> compiled
Module <topworld> compiled
No errors in compilation
Analysis of file <"topworld.prj"> succeeded.
 

=========================================================================
*                     Design Hierarchy Analysis                         *
=========================================================================
Analyzing hierarchy for module <topworld> in library <work>.

Analyzing hierarchy for module <Add_MUSER_topworld> in library <work>.

Analyzing hierarchy for module <Segment_MUSER_topworld> in library <work>.

Analyzing hierarchy for module <mux_MUSER_topworld> in library <work>.

Analyzing hierarchy for module <C_MUSER_topworld> in library <work>.

Analyzing hierarchy for module <A_MUSER_topworld> in library <work>.

Analyzing hierarchy for module <B_MUSER_topworld> in library <work>.

Analyzing hierarchy for module <D_MUSER_topworld> in library <work>.

Analyzing hierarchy for module <E_MUSER_topworld> in library <work>.

Analyzing hierarchy for module <F_MUSER_topworld> in library <work>.

Analyzing hierarchy for module <g_MUSER_topworld> in library <work>.

Analyzing hierarchy for module <OR6_MXILINX_topworld> in library <work>.

Analyzing hierarchy for module <OR6_MXILINX_topworld> in library <work>.

WARNING:Xst:2591 - "topworld.vf" line 635: attribute on instance <IBUF_DELAY_VALUE> overrides generic/parameter on entity. It is possible that simulator will not take this attribute into account.
WARNING:Xst:2591 - "topworld.vf" line 635: attribute on instance <IFD_DELAY_VALUE> overrides generic/parameter on entity. It is possible that simulator will not take this attribute into account.
WARNING:Xst:2591 - "topworld.vf" line 635: attribute on instance <IOSTANDARD> overrides generic/parameter on entity. It is possible that simulator will not take this attribute into account.
WARNING:Xst:2591 - "topworld.vf" line 639: attribute on instance <IBUF_DELAY_VALUE> overrides generic/parameter on entity. It is possible that simulator will not take this attribute into account.
WARNING:Xst:2591 - "topworld.vf" line 639: attribute on instance <IFD_DELAY_VALUE> overrides generic/parameter on entity. It is possible that simulator will not take this attribute into account.
WARNING:Xst:2591 - "topworld.vf" line 639: attribute on instance <IOSTANDARD> overrides generic/parameter on entity. It is possible that simulator will not take this attribute into account.
WARNING:Xst:2591 - "topworld.vf" line 643: attribute on instance <IBUF_DELAY_VALUE> overrides generic/parameter on entity. It is possible that simulator will not take this attribute into account.
WARNING:Xst:2591 - "topworld.vf" line 643: attribute on instance <IFD_DELAY_VALUE> overrides generic/parameter on entity. It is possible that simulator will not take this attribute into account.
WARNING:Xst:2591 - "topworld.vf" line 643: attribute on instance <IOSTANDARD> overrides generic/parameter on entity. It is possible that simulator will not take this attribute into account.
WARNING:Xst:2591 - "topworld.vf" line 647: attribute on instance <IBUF_DELAY_VALUE> overrides generic/parameter on entity. It is possible that simulator will not take this attribute into account.
WARNING:Xst:2591 - "topworld.vf" line 647: attribute on instance <IFD_DELAY_VALUE> overrides generic/parameter on entity. It is possible that simulator will not take this attribute into account.
WARNING:Xst:2591 - "topworld.vf" line 647: attribute on instance <IOSTANDARD> overrides generic/parameter on entity. It is possible that simulator will not take this attribute into account.
WARNING:Xst:2591 - "topworld.vf" line 651: attribute on instance <IBUF_DELAY_VALUE> overrides generic/parameter on entity. It is possible that simulator will not take this attribute into account.
WARNING:Xst:2591 - "topworld.vf" line 651: attribute on instance <IFD_DELAY_VALUE> overrides generic/parameter on entity. It is possible that simulator will not take this attribute into account.
WARNING:Xst:2591 - "topworld.vf" line 651: attribute on instance <IOSTANDARD> overrides generic/parameter on entity. It is possible that simulator will not take this attribute into account.
WARNING:Xst:2591 - "topworld.vf" line 655: attribute on instance <IBUF_DELAY_VALUE> overrides generic/parameter on entity. It is possible that simulator will not take this attribute into account.
WARNING:Xst:2591 - "topworld.vf" line 655: attribute on instance <IFD_DELAY_VALUE> overrides generic/parameter on entity. It is possible that simulator will not take this attribute into account.
WARNING:Xst:2591 - "topworld.vf" line 655: attribute on instance <IOSTANDARD> overrides generic/parameter on entity. It is possible that simulator will not take this attribute into account.
WARNING:Xst:2591 - "topworld.vf" line 727: attribute on instance <IBUF_DELAY_VALUE> overrides generic/parameter on entity. It is possible that simulator will not take this attribute into account.
WARNING:Xst:2591 - "topworld.vf" line 727: attribute on instance <IFD_DELAY_VALUE> overrides generic/parameter on entity. It is possible that simulator will not take this attribute into account.
WARNING:Xst:2591 - "topworld.vf" line 727: attribute on instance <IOSTANDARD> overrides generic/parameter on entity. It is possible that simulator will not take this attribute into account.
WARNING:Xst:2591 - "topworld.vf" line 681: attribute on instance <DRIVE> overrides generic/parameter on entity. It is possible that simulator will not take this attribute into account.
WARNING:Xst:2591 - "topworld.vf" line 681: attribute on instance <IOSTANDARD> overrides generic/parameter on entity. It is possible that simulator will not take this attribute into account.
WARNING:Xst:2591 - "topworld.vf" line 681: attribute on instance <SLEW> overrides generic/parameter on entity. It is possible that simulator will not take this attribute into account.
WARNING:Xst:2591 - "topworld.vf" line 685: attribute on instance <DRIVE> overrides generic/parameter on entity. It is possible that simulator will not take this attribute into account.
WARNING:Xst:2591 - "topworld.vf" line 685: attribute on instance <IOSTANDARD> overrides generic/parameter on entity. It is possible that simulator will not take this attribute into account.
WARNING:Xst:2591 - "topworld.vf" line 685: attribute on instance <SLEW> overrides generic/parameter on entity. It is possible that simulator will not take this attribute into account.
WARNING:Xst:2591 - "topworld.vf" line 689: attribute on instance <DRIVE> overrides generic/parameter on entity. It is possible that simulator will not take this attribute into account.
WARNING:Xst:2591 - "topworld.vf" line 689: attribute on instance <IOSTANDARD> overrides generic/parameter on entity. It is possible that simulator will not take this attribute into account.
WARNING:Xst:2591 - "topworld.vf" line 689: attribute on instance <SLEW> overrides generic/parameter on entity. It is possible that simulator will not take this attribute into account.
WARNING:Xst:2591 - "topworld.vf" line 693: attribute on instance <DRIVE> overrides generic/parameter on entity. It is possible that simulator will not take this attribute into account.
WARNING:Xst:2591 - "topworld.vf" line 693: attribute on instance <IOSTANDARD> overrides generic/parameter on entity. It is possible that simulator will not take this attribute into account.
WARNING:Xst:2591 - "topworld.vf" line 693: attribute on instance <SLEW> overrides generic/parameter on entity. It is possible that simulator will not take this attribute into account.
WARNING:Xst:2591 - "topworld.vf" line 697: attribute on instance <DRIVE> overrides generic/parameter on entity. It is possible that simulator will not take this attribute into account.
WARNING:Xst:2591 - "topworld.vf" line 697: attribute on instance <IOSTANDARD> overrides generic/parameter on entity. It is possible that simulator will not take this attribute into account.
WARNING:Xst:2591 - "topworld.vf" line 697: attribute on instance <SLEW> overrides generic/parameter on entity. It is possible that simulator will not take this attribute into account.
WARNING:Xst:2591 - "topworld.vf" line 701: attribute on instance <DRIVE> overrides generic/parameter on entity. It is possible that simulator will not take this attribute into account.
WARNING:Xst:2591 - "topworld.vf" line 701: attribute on instance <IOSTANDARD> overrides generic/parameter on entity. It is possible that simulator will not take this attribute into account.
WARNING:Xst:2591 - "topworld.vf" line 701: attribute on instance <SLEW> overrides generic/parameter on entity. It is possible that simulator will not take this attribute into account.
WARNING:Xst:2591 - "topworld.vf" line 705: attribute on instance <DRIVE> overrides generic/parameter on entity. It is possible that simulator will not take this attribute into account.
WARNING:Xst:2591 - "topworld.vf" line 705: attribute on instance <IOSTANDARD> overrides generic/parameter on entity. It is possible that simulator will not take this attribute into account.
WARNING:Xst:2591 - "topworld.vf" line 705: attribute on instance <SLEW> overrides generic/parameter on entity. It is possible that simulator will not take this attribute into account.
WARNING:Xst:2591 - "topworld.vf" line 710: attribute on instance <DRIVE> overrides generic/parameter on entity. It is possible that simulator will not take this attribute into account.
WARNING:Xst:2591 - "topworld.vf" line 710: attribute on instance <IOSTANDARD> overrides generic/parameter on entity. It is possible that simulator will not take this attribute into account.
WARNING:Xst:2591 - "topworld.vf" line 710: attribute on instance <SLEW> overrides generic/parameter on entity. It is possible that simulator will not take this attribute into account.
WARNING:Xst:2591 - "topworld.vf" line 715: attribute on instance <DRIVE> overrides generic/parameter on entity. It is possible that simulator will not take this attribute into account.
WARNING:Xst:2591 - "topworld.vf" line 715: attribute on instance <IOSTANDARD> overrides generic/parameter on entity. It is possible that simulator will not take this attribute into account.
WARNING:Xst:2591 - "topworld.vf" line 715: attribute on instance <SLEW> overrides generic/parameter on entity. It is possible that simulator will not take this attribute into account.
WARNING:Xst:2591 - "topworld.vf" line 719: attribute on instance <DRIVE> overrides generic/parameter on entity. It is possible that simulator will not take this attribute into account.
WARNING:Xst:2591 - "topworld.vf" line 719: attribute on instance <IOSTANDARD> overrides generic/parameter on entity. It is possible that simulator will not take this attribute into account.
WARNING:Xst:2591 - "topworld.vf" line 719: attribute on instance <SLEW> overrides generic/parameter on entity. It is possible that simulator will not take this attribute into account.
WARNING:Xst:2591 - "topworld.vf" line 723: attribute on instance <DRIVE> overrides generic/parameter on entity. It is possible that simulator will not take this attribute into account.
WARNING:Xst:2591 - "topworld.vf" line 723: attribute on instance <IOSTANDARD> overrides generic/parameter on entity. It is possible that simulator will not take this attribute into account.
WARNING:Xst:2591 - "topworld.vf" line 723: attribute on instance <SLEW> overrides generic/parameter on entity. It is possible that simulator will not take this attribute into account.

=========================================================================
*                            HDL Analysis                               *
=========================================================================
Analyzing top module <topworld>.
Module <topworld> is correct for synthesis.
 
    Set user-defined property "CAPACITANCE =  DONT_CARE" for instance <XLXI_5> in unit <topworld>.
    Set user-defined property "IBUF_DELAY_VALUE =  0" for instance <XLXI_5> in unit <topworld>.
    Set user-defined property "IBUF_LOW_PWR =  TRUE" for instance <XLXI_5> in unit <topworld>.
    Set user-defined property "IFD_DELAY_VALUE =  AUTO" for instance <XLXI_5> in unit <topworld>.
    Set user-defined property "IOSTANDARD =  DEFAULT" for instance <XLXI_5> in unit <topworld>.
    Set user-defined property "LOC =  L3" for instance <XLXI_5> in unit <topworld>.
    Set user-defined property "CAPACITANCE =  DONT_CARE" for instance <XLXI_6> in unit <topworld>.
    Set user-defined property "IBUF_DELAY_VALUE =  0" for instance <XLXI_6> in unit <topworld>.
    Set user-defined property "IBUF_LOW_PWR =  TRUE" for instance <XLXI_6> in unit <topworld>.
    Set user-defined property "IFD_DELAY_VALUE =  AUTO" for instance <XLXI_6> in unit <topworld>.
    Set user-defined property "IOSTANDARD =  DEFAULT" for instance <XLXI_6> in unit <topworld>.
    Set user-defined property "LOC =  K3" for instance <XLXI_6> in unit <topworld>.
    Set user-defined property "CAPACITANCE =  DONT_CARE" for instance <XLXI_8> in unit <topworld>.
    Set user-defined property "IBUF_DELAY_VALUE =  0" for instance <XLXI_8> in unit <topworld>.
    Set user-defined property "IBUF_LOW_PWR =  TRUE" for instance <XLXI_8> in unit <topworld>.
    Set user-defined property "IFD_DELAY_VALUE =  AUTO" for instance <XLXI_8> in unit <topworld>.
    Set user-defined property "IOSTANDARD =  DEFAULT" for instance <XLXI_8> in unit <topworld>.
    Set user-defined property "LOC =  F3" for instance <XLXI_8> in unit <topworld>.
    Set user-defined property "CAPACITANCE =  DONT_CARE" for instance <XLXI_9> in unit <topworld>.
    Set user-defined property "IBUF_DELAY_VALUE =  0" for instance <XLXI_9> in unit <topworld>.
    Set user-defined property "IBUF_LOW_PWR =  TRUE" for instance <XLXI_9> in unit <topworld>.
    Set user-defined property "IFD_DELAY_VALUE =  AUTO" for instance <XLXI_9> in unit <topworld>.
    Set user-defined property "IOSTANDARD =  DEFAULT" for instance <XLXI_9> in unit <topworld>.
    Set user-defined property "LOC =  G3" for instance <XLXI_9> in unit <topworld>.
    Set user-defined property "CAPACITANCE =  DONT_CARE" for instance <XLXI_40> in unit <topworld>.
    Set user-defined property "IBUF_DELAY_VALUE =  0" for instance <XLXI_40> in unit <topworld>.
    Set user-defined property "IBUF_LOW_PWR =  TRUE" for instance <XLXI_40> in unit <topworld>.
    Set user-defined property "IFD_DELAY_VALUE =  AUTO" for instance <XLXI_40> in unit <topworld>.
    Set user-defined property "IOSTANDARD =  DEFAULT" for instance <XLXI_40> in unit <topworld>.
    Set user-defined property "LOC =  B4" for instance <XLXI_40> in unit <topworld>.
    Set user-defined property "CAPACITANCE =  DONT_CARE" for instance <XLXI_41> in unit <topworld>.
    Set user-defined property "IBUF_DELAY_VALUE =  0" for instance <XLXI_41> in unit <topworld>.
    Set user-defined property "IBUF_LOW_PWR =  TRUE" for instance <XLXI_41> in unit <topworld>.
    Set user-defined property "IFD_DELAY_VALUE =  AUTO" for instance <XLXI_41> in unit <topworld>.
    Set user-defined property "IOSTANDARD =  DEFAULT" for instance <XLXI_41> in unit <topworld>.
    Set user-defined property "LOC =  E2" for instance <XLXI_41> in unit <topworld>.
    Set user-defined property "CAPACITANCE =  DONT_CARE" for instance <XLXI_58> in unit <topworld>.
    Set user-defined property "DRIVE =  12" for instance <XLXI_58> in unit <topworld>.
    Set user-defined property "IOSTANDARD =  DEFAULT" for instance <XLXI_58> in unit <topworld>.
    Set user-defined property "LOC =  L14" for instance <XLXI_58> in unit <topworld>.
    Set user-defined property "SLEW =  SLOW" for instance <XLXI_58> in unit <topworld>.
    Set user-defined property "CAPACITANCE =  DONT_CARE" for instance <XLXI_59> in unit <topworld>.
    Set user-defined property "DRIVE =  12" for instance <XLXI_59> in unit <topworld>.
    Set user-defined property "IOSTANDARD =  DEFAULT" for instance <XLXI_59> in unit <topworld>.
    Set user-defined property "LOC =  H12" for instance <XLXI_59> in unit <topworld>.
    Set user-defined property "SLEW =  SLOW" for instance <XLXI_59> in unit <topworld>.
    Set user-defined property "CAPACITANCE =  DONT_CARE" for instance <XLXI_60> in unit <topworld>.
    Set user-defined property "DRIVE =  12" for instance <XLXI_60> in unit <topworld>.
    Set user-defined property "IOSTANDARD =  DEFAULT" for instance <XLXI_60> in unit <topworld>.
    Set user-defined property "LOC =  N14" for instance <XLXI_60> in unit <topworld>.
    Set user-defined property "SLEW =  SLOW" for instance <XLXI_60> in unit <topworld>.
    Set user-defined property "CAPACITANCE =  DONT_CARE" for instance <XLXI_61> in unit <topworld>.
    Set user-defined property "DRIVE =  12" for instance <XLXI_61> in unit <topworld>.
    Set user-defined property "IOSTANDARD =  DEFAULT" for instance <XLXI_61> in unit <topworld>.
    Set user-defined property "LOC =  N11" for instance <XLXI_61> in unit <topworld>.
    Set user-defined property "SLEW =  SLOW" for instance <XLXI_61> in unit <topworld>.
    Set user-defined property "CAPACITANCE =  DONT_CARE" for instance <XLXI_62> in unit <topworld>.
    Set user-defined property "DRIVE =  12" for instance <XLXI_62> in unit <topworld>.
    Set user-defined property "IOSTANDARD =  DEFAULT" for instance <XLXI_62> in unit <topworld>.
    Set user-defined property "LOC =  P12" for instance <XLXI_62> in unit <topworld>.
    Set user-defined property "SLEW =  SLOW" for instance <XLXI_62> in unit <topworld>.
    Set user-defined property "CAPACITANCE =  DONT_CARE" for instance <XLXI_63> in unit <topworld>.
    Set user-defined property "DRIVE =  12" for instance <XLXI_63> in unit <topworld>.
    Set user-defined property "IOSTANDARD =  DEFAULT" for instance <XLXI_63> in unit <topworld>.
    Set user-defined property "LOC =  L13" for instance <XLXI_63> in unit <topworld>.
    Set user-defined property "SLEW =  SLOW" for instance <XLXI_63> in unit <topworld>.
    Set user-defined property "CAPACITANCE =  DONT_CARE" for instance <XLXI_64> in unit <topworld>.
    Set user-defined property "DRIVE =  12" for instance <XLXI_64> in unit <topworld>.
    Set user-defined property "IOSTANDARD =  DEFAULT" for instance <XLXI_64> in unit <topworld>.
    Set user-defined property "LOC =  M12" for instance <XLXI_64> in unit <topworld>.
    Set user-defined property "SLEW =  SLOW" for instance <XLXI_64> in unit <topworld>.
    Set user-defined property "CAPACITANCE =  DONT_CARE" for instance <XLXI_67> in unit <topworld>.
    Set user-defined property "DRIVE =  12" for instance <XLXI_67> in unit <topworld>.
    Set user-defined property "IOSTANDARD =  DEFAULT" for instance <XLXI_67> in unit <topworld>.
    Set user-defined property "LOC =  F12" for instance <XLXI_67> in unit <topworld>.
    Set user-defined property "SLEW =  SLOW" for instance <XLXI_67> in unit <topworld>.
    Set user-defined property "CAPACITANCE =  DONT_CARE" for instance <XLXI_69> in unit <topworld>.
    Set user-defined property "DRIVE =  12" for instance <XLXI_69> in unit <topworld>.
    Set user-defined property "IOSTANDARD =  DEFAULT" for instance <XLXI_69> in unit <topworld>.
    Set user-defined property "LOC =  J12" for instance <XLXI_69> in unit <topworld>.
    Set user-defined property "SLEW =  SLOW" for instance <XLXI_69> in unit <topworld>.
    Set user-defined property "CAPACITANCE =  DONT_CARE" for instance <XLXI_70> in unit <topworld>.
    Set user-defined property "DRIVE =  12" for instance <XLXI_70> in unit <topworld>.
    Set user-defined property "IOSTANDARD =  DEFAULT" for instance <XLXI_70> in unit <topworld>.
    Set user-defined property "LOC =  M13" for instance <XLXI_70> in unit <topworld>.
    Set user-defined property "SLEW =  SLOW" for instance <XLXI_70> in unit <topworld>.
    Set user-defined property "CAPACITANCE =  DONT_CARE" for instance <XLXI_71> in unit <topworld>.
    Set user-defined property "DRIVE =  12" for instance <XLXI_71> in unit <topworld>.
    Set user-defined property "IOSTANDARD =  DEFAULT" for instance <XLXI_71> in unit <topworld>.
    Set user-defined property "LOC =  K14" for instance <XLXI_71> in unit <topworld>.
    Set user-defined property "SLEW =  SLOW" for instance <XLXI_71> in unit <topworld>.
    Set user-defined property "CAPACITANCE =  DONT_CARE" for instance <XLXN_100> in unit <topworld>.
    Set user-defined property "IBUF_DELAY_VALUE =  0" for instance <XLXN_100> in unit <topworld>.
    Set user-defined property "IBUF_LOW_PWR =  TRUE" for instance <XLXN_100> in unit <topworld>.
    Set user-defined property "IFD_DELAY_VALUE =  AUTO" for instance <XLXN_100> in unit <topworld>.
    Set user-defined property "IOSTANDARD =  DEFAULT" for instance <XLXN_100> in unit <topworld>.
    Set user-defined property "LOC =  P11" for instance <XLXN_100> in unit <topworld>.
Analyzing module <Add_MUSER_topworld> in library <work>.
Module <Add_MUSER_topworld> is correct for synthesis.
 
Analyzing module <mux_MUSER_topworld> in library <work>.
Module <mux_MUSER_topworld> is correct for synthesis.
 
Analyzing module <Segment_MUSER_topworld> in library <work>.
Module <Segment_MUSER_topworld> is correct for synthesis.
 
Analyzing module <C_MUSER_topworld> in library <work>.
Module <C_MUSER_topworld> is correct for synthesis.
 
Analyzing module <A_MUSER_topworld> in library <work>.
Module <A_MUSER_topworld> is correct for synthesis.
 
Analyzing module <B_MUSER_topworld> in library <work>.
Module <B_MUSER_topworld> is correct for synthesis.
 
    Set user-defined property "HU_SET =  XLXI_15_7" for instance <XLXI_15> in unit <B_MUSER_topworld>.
Analyzing module <OR6_MXILINX_topworld.1> in library <work>.
Module <OR6_MXILINX_topworld.1> is correct for synthesis.
 
    Set user-defined property "RLOC =  X0Y0" for instance <I_36_106> in unit <OR6_MXILINX_topworld.1>.
    Set user-defined property "RLOC =  X0Y0" for instance <I_36_107> in unit <OR6_MXILINX_topworld.1>.
Analyzing module <D_MUSER_topworld> in library <work>.
Module <D_MUSER_topworld> is correct for synthesis.
 
Analyzing module <E_MUSER_topworld> in library <work>.
Module <E_MUSER_topworld> is correct for synthesis.
 
    Set user-defined property "HU_SET =  XLXI_14_6" for instance <XLXI_14> in unit <E_MUSER_topworld>.
Analyzing module <OR6_MXILINX_topworld.2> in library <work>.
Module <OR6_MXILINX_topworld.2> is correct for synthesis.
 
    Set user-defined property "RLOC =  X0Y0" for instance <I_36_106> in unit <OR6_MXILINX_topworld.2>.
    Set user-defined property "RLOC =  X0Y0" for instance <I_36_107> in unit <OR6_MXILINX_topworld.2>.
Analyzing module <F_MUSER_topworld> in library <work>.
Module <F_MUSER_topworld> is correct for synthesis.
 
Analyzing module <g_MUSER_topworld> in library <work>.
Module <g_MUSER_topworld> is correct for synthesis.
 

=========================================================================
*                           HDL Synthesis                               *
=========================================================================

Performing bidirectional port resolution...

Synthesizing Unit <mux_MUSER_topworld>.
    Related source file is "topworld.vf".
Unit <mux_MUSER_topworld> synthesized.


Synthesizing Unit <C_MUSER_topworld>.
    Related source file is "topworld.vf".
Unit <C_MUSER_topworld> synthesized.


Synthesizing Unit <A_MUSER_topworld>.
    Related source file is "topworld.vf".
Unit <A_MUSER_topworld> synthesized.


Synthesizing Unit <D_MUSER_topworld>.
    Related source file is "topworld.vf".
Unit <D_MUSER_topworld> synthesized.


Synthesizing Unit <F_MUSER_topworld>.
    Related source file is "topworld.vf".
Unit <F_MUSER_topworld> synthesized.


Synthesizing Unit <g_MUSER_topworld>.
    Related source file is "topworld.vf".
Unit <g_MUSER_topworld> synthesized.


Synthesizing Unit <OR6_MXILINX_topworld_1>.
    Related source file is "topworld.vf".
WARNING:Xst:653 - Signal <dummy> is used but never assigned. This sourceless signal will be automatically connected to value 0.
Unit <OR6_MXILINX_topworld_1> synthesized.


Synthesizing Unit <OR6_MXILINX_topworld_2>.
    Related source file is "topworld.vf".
WARNING:Xst:653 - Signal <dummy> is used but never assigned. This sourceless signal will be automatically connected to value 0.
Unit <OR6_MXILINX_topworld_2> synthesized.


Synthesizing Unit <Add_MUSER_topworld>.
    Related source file is "topworld.vf".
Unit <Add_MUSER_topworld> synthesized.


Synthesizing Unit <B_MUSER_topworld>.
    Related source file is "topworld.vf".
Unit <B_MUSER_topworld> synthesized.


Synthesizing Unit <E_MUSER_topworld>.
    Related source file is "topworld.vf".
Unit <E_MUSER_topworld> synthesized.


Synthesizing Unit <Segment_MUSER_topworld>.
    Related source file is "topworld.vf".
Unit <Segment_MUSER_topworld> synthesized.


Synthesizing Unit <topworld>.
    Related source file is "topworld.vf".
Unit <topworld> synthesized.


=========================================================================
HDL Synthesis Report

Found no macro
=========================================================================

=========================================================================
*                       Advanced HDL Synthesis                          *
=========================================================================


=========================================================================
Advanced HDL Synthesis Report

Found no macro
=========================================================================

=========================================================================
*                         Low Level Synthesis                           *
=========================================================================

Optimizing unit <topworld> ...

Optimizing unit <OR6_MXILINX_topworld_1> ...

Optimizing unit <OR6_MXILINX_topworld_2> ...

Mapping all equations...
Building and optimizing final netlist ...
Found area constraint ratio of 100 (+ 5) on block topworld, actual ratio is 0.

Final Macro Processing ...

=========================================================================
Final Register Report

Found no macro
=========================================================================

=========================================================================
*                           Partition Report                            *
=========================================================================

Partition Implementation Status
-------------------------------

  No Partitions were found in this design.

-------------------------------

=========================================================================
*                            Final Report                               *
=========================================================================
Final Results
RTL Top Level Output File Name     : topworld.ngr
Top Level Output File Name         : topworld
Output Format                      : NGC
Optimization Goal                  : Speed
Keep Hierarchy                     : No

Design Statistics
# IOs                              : 18

Cell Usage :
# BELS                             : 65
#      AND2                        : 9
#      AND4                        : 3
#      AND4B1                      : 10
#      AND4B2                      : 10
#      AND4B3                      : 10
#      AND4B4                      : 1
#      GND                         : 3
#      OR3                         : 5
#      OR4                         : 5
#      OR5                         : 2
#      VCC                         : 1
#      XOR2                        : 6
# IO Buffers                       : 18
#      IBUF                        : 7
#      OBUF                        : 11
# Others                           : 4
#      FMAP                        : 4
=========================================================================

Device utilization summary:
---------------------------

Selected Device : 3s100ecp132-5 

 Number of Slices:                        0  out of    960     0%  
 Number of IOs:                          18
 Number of bonded IOBs:                  18  out of     83    21%  

---------------------------
Partition Resource Summary:
---------------------------

  No Partitions were found in this design.

---------------------------


=========================================================================
TIMING REPORT

NOTE: THESE TIMING NUMBERS ARE ONLY A SYNTHESIS ESTIMATE.
      FOR ACCURATE TIMING INFORMATION PLEASE REFER TO THE TRACE REPORT
      GENERATED AFTER PLACE-and-ROUTE.

Clock Information:
------------------
No clock signals found in this design

Asynchronous Control Signals Information:
----------------------------------------
No asynchronous control signals found in this design

Timing Summary:
---------------
Speed Grade: -5

   Minimum period: No path found
   Minimum input arrival time before clock: No path found
   Maximum output required time after clock: No path found
   Maximum combinational path delay: 14.352ns

Timing Detail:
--------------
All values displayed in nanoseconds (ns)

=========================================================================
Timing constraint: Default path analysis
  Total number of paths / destination ports: 2210 / 7
-------------------------------------------------------------------------
Delay:               14.352ns (Levels of Logic = 12)
  Source:            sw4 (PAD)
  Destination:       CB (PAD)

  Data Path: sw4 to CB
                                Gate     Net
    Cell:in->out      fanout   Delay   Delay  Logical Name (Net Name)
    ----------------------------------------  ------------
     IBUF:I->O             3   1.106   0.451  XLXI_9 (XLXN_116)
     AND2:I0->O            1   0.612   0.357  XLXI_45/XLXI_1/XLXI_2 (XLXI_45/XLXI_1/XLXN_2)
     OR3:I1->O             3   0.612   0.451  XLXI_45/XLXI_1/XLXI_4 (XLXI_45/XLXN_1)
     AND2:I0->O            1   0.612   0.357  XLXI_45/XLXI_2/XLXI_1 (XLXI_45/XLXI_2/XLXN_1)
     OR3:I2->O             3   0.612   0.451  XLXI_45/XLXI_2/XLXI_4 (XLXI_45/XLXN_2)
     AND2:I0->O            1   0.612   0.357  XLXI_45/XLXI_3/XLXI_1 (XLXI_45/XLXI_3/XLXN_1)
     OR3:I2->O            34   0.612   1.073  XLXI_45/XLXI_3/XLXI_4 (XLXN_19)
     AND4B3:I0->O          1   0.612   0.357  XLXI_57/XLXI_5/XLXI_8 (XLXI_57/XLXI_5/XLXN_2)
     begin scope: 'XLXI_57/XLXI_5/XLXI_14'
     OR3:I2->O             1   0.612   0.357  I_36_88 (I35)
     OR4:I3->O             1   0.612   0.357  I_36_87 (O_DUMMY)
     end scope: 'XLXI_57/XLXI_5/XLXI_14'
     OBUF:I->O                 3.169          XLXI_62 (CE)
    ----------------------------------------
    Total                     14.352ns (9.783ns logic, 4.569ns route)
                                       (68.2% logic, 31.8% route)

=========================================================================


Total REAL time to Xst completion: 5.00 secs
Total CPU time to Xst completion: 5.26 secs
 
--> 

Total memory usage is 275192 kilobytes

Number of errors   :    0 (   0 filtered)
Number of warnings :   56 (   0 filtered)
Number of infos    :    0 (   0 filtered)

